e:\unihdd\year2\graphics1\week8\rasteriser\x64\debug\vc141.pdb
e:\unihdd\year2\graphics1\week8\rasteriser\x64\debug\vc141.idb
e:\unihdd\year2\graphics1\week8\rasteriser\x64\debug\ambientlight.obj
e:\unihdd\year2\graphics1\week8\rasteriser\x64\debug\bitmap.obj
e:\unihdd\year2\graphics1\week8\rasteriser\x64\debug\camera.obj
e:\unihdd\year2\graphics1\week8\rasteriser\x64\debug\directionallight.obj
e:\unihdd\year2\graphics1\week8\rasteriser\x64\debug\framework.obj
e:\unihdd\year2\graphics1\week8\rasteriser\x64\debug\matrix.obj
e:\unihdd\year2\graphics1\week8\rasteriser\x64\debug\md2loader.obj
e:\unihdd\year2\graphics1\week8\rasteriser\x64\debug\model.obj
e:\unihdd\year2\graphics1\week8\rasteriser\x64\debug\pointlight.obj
e:\unihdd\year2\graphics1\week8\rasteriser\x64\debug\polygon3d.obj
e:\unihdd\year2\graphics1\week8\rasteriser\x64\debug\rasteriser.obj
e:\unihdd\year2\graphics1\week8\rasteriser\x64\debug\vector3d.obj
e:\unihdd\year2\graphics1\week8\rasteriser\x64\debug\vertex.obj
e:\unihdd\year2\graphics1\week8\x64\debug\rasteriser.exe
e:\unihdd\year2\graphics1\week8\x64\debug\rasteriser.ilk
e:\unihdd\year2\graphics1\week8\x64\debug\rasteriser.pdb
e:\unihdd\year2\graphics1\week8\rasteriser\x64\debug\rasteriser.res
e:\unihdd\year2\graphics1\week8\rasteriser\x64\debug\rasteriser.tlog\cl.command.1.tlog
e:\unihdd\year2\graphics1\week8\rasteriser\x64\debug\rasteriser.tlog\cl.read.1.tlog
e:\unihdd\year2\graphics1\week8\rasteriser\x64\debug\rasteriser.tlog\cl.write.1.tlog
e:\unihdd\year2\graphics1\week8\rasteriser\x64\debug\rasteriser.tlog\link.command.1.tlog
e:\unihdd\year2\graphics1\week8\rasteriser\x64\debug\rasteriser.tlog\link.read.1.tlog
e:\unihdd\year2\graphics1\week8\rasteriser\x64\debug\rasteriser.tlog\link.write.1.tlog
e:\unihdd\year2\graphics1\week8\rasteriser\x64\debug\rasteriser.tlog\rc.command.1.tlog
e:\unihdd\year2\graphics1\week8\rasteriser\x64\debug\rasteriser.tlog\rc.read.1.tlog
e:\unihdd\year2\graphics1\week8\rasteriser\x64\debug\rasteriser.tlog\rc.write.1.tlog
