e:\unihdd\year2\graphics1\final\rasteriser\x64\release\vc141.pdb
e:\unihdd\year2\graphics1\final\rasteriser\x64\release\vertex.obj
e:\unihdd\year2\graphics1\final\rasteriser\x64\release\vector3d.obj
e:\unihdd\year2\graphics1\final\rasteriser\x64\release\rasteriser.obj
e:\unihdd\year2\graphics1\final\rasteriser\x64\release\polygon3d.obj
e:\unihdd\year2\graphics1\final\rasteriser\x64\release\pointlight.obj
e:\unihdd\year2\graphics1\final\rasteriser\x64\release\model.obj
e:\unihdd\year2\graphics1\final\rasteriser\x64\release\md2loader.obj
e:\unihdd\year2\graphics1\final\rasteriser\x64\release\matrix.obj
e:\unihdd\year2\graphics1\final\rasteriser\x64\release\framework.obj
e:\unihdd\year2\graphics1\final\rasteriser\x64\release\directionallight.obj
e:\unihdd\year2\graphics1\final\rasteriser\x64\release\camera.obj
e:\unihdd\year2\graphics1\final\rasteriser\x64\release\bitmap.obj
e:\unihdd\year2\graphics1\final\rasteriser\x64\release\ambientlight.obj
e:\unihdd\year2\graphics1\final\x64\release\rasteriser.exe
e:\unihdd\year2\graphics1\final\x64\release\rasteriser.pdb
e:\unihdd\year2\graphics1\final\x64\release\rasteriser.ipdb
e:\unihdd\year2\graphics1\final\x64\release\rasteriser.iobj
e:\unihdd\year2\graphics1\final\rasteriser\x64\release\rasteriser.res
c:\users\benji\documents\github\graphics-1-rasteriser\rasteriser\x64\release\ambientlight.obj
c:\users\benji\documents\github\graphics-1-rasteriser\rasteriser\x64\release\bitmap.obj
c:\users\benji\documents\github\graphics-1-rasteriser\rasteriser\x64\release\camera.obj
c:\users\benji\documents\github\graphics-1-rasteriser\rasteriser\x64\release\directionallight.obj
c:\users\benji\documents\github\graphics-1-rasteriser\rasteriser\x64\release\framework.obj
c:\users\benji\documents\github\graphics-1-rasteriser\rasteriser\x64\release\matrix.obj
c:\users\benji\documents\github\graphics-1-rasteriser\rasteriser\x64\release\md2loader.obj
c:\users\benji\documents\github\graphics-1-rasteriser\rasteriser\x64\release\model.obj
c:\users\benji\documents\github\graphics-1-rasteriser\rasteriser\x64\release\pointlight.obj
c:\users\benji\documents\github\graphics-1-rasteriser\rasteriser\x64\release\polygon3d.obj
c:\users\benji\documents\github\graphics-1-rasteriser\rasteriser\x64\release\rasteriser.obj
c:\users\benji\documents\github\graphics-1-rasteriser\rasteriser\x64\release\vector3d.obj
c:\users\benji\documents\github\graphics-1-rasteriser\rasteriser\x64\release\vertex.obj
c:\users\benji\documents\github\graphics-1-rasteriser\rasteriser\x64\release\rasteriser.res
c:\users\benji\documents\github\graphics-1-rasteriser\rasteriser\x64\release\vc141.pdb
c:\users\benji\documents\github\graphics-1-rasteriser\rasteriser\x64\release\rasteriser.tlog\cl.command.1.tlog
c:\users\benji\documents\github\graphics-1-rasteriser\rasteriser\x64\release\rasteriser.tlog\cl.read.1.tlog
c:\users\benji\documents\github\graphics-1-rasteriser\rasteriser\x64\release\rasteriser.tlog\cl.write.1.tlog
c:\users\benji\documents\github\graphics-1-rasteriser\rasteriser\x64\release\rasteriser.tlog\link.command.1.tlog
c:\users\benji\documents\github\graphics-1-rasteriser\rasteriser\x64\release\rasteriser.tlog\link.read.1.tlog
c:\users\benji\documents\github\graphics-1-rasteriser\rasteriser\x64\release\rasteriser.tlog\link.write.1.tlog
c:\users\benji\documents\github\graphics-1-rasteriser\rasteriser\x64\release\rasteriser.tlog\rasteriser.write.1u.tlog
c:\users\benji\documents\github\graphics-1-rasteriser\rasteriser\x64\release\rasteriser.tlog\rc.command.1.tlog
c:\users\benji\documents\github\graphics-1-rasteriser\rasteriser\x64\release\rasteriser.tlog\rc.read.1.tlog
c:\users\benji\documents\github\graphics-1-rasteriser\rasteriser\x64\release\rasteriser.tlog\rc.write.1.tlog
